[debug] [2023-05-15T14:16:21.875Z] ----------------------------------------------------------------------
[debug] [2023-05-15T14:16:21.877Z] Command:       C:\Program Files\nodejs\node.exe C:\Users\Marcos\AppData\Roaming\npm\node_modules\firebase-tools\lib\bin\firebase.js init
[debug] [2023-05-15T14:16:21.877Z] CLI Version:   12.0.0
[debug] [2023-05-15T14:16:21.877Z] Platform:      win32
[debug] [2023-05-15T14:16:21.877Z] Node Version:  v18.15.0
[debug] [2023-05-15T14:16:21.878Z] Time:          Mon May 15 2023 11:16:21 GMT-0300 (hora estándar de Argentina)
[debug] [2023-05-15T14:16:21.878Z] ----------------------------------------------------------------------
[debug] 
[debug] [2023-05-15T14:16:21.943Z] > command requires scopes: ["email","openid","https://www.googleapis.com/auth/cloudplatformprojects.readonly","https://www.googleapis.com/auth/firebase","https://www.googleapis.com/auth/cloud-platform"]
[debug] [2023-05-15T14:16:21.943Z] > authorizing via signed-in user (marcos.arienti311@gmail.com)
[info] 
     ######## #### ########  ######## ########     ###     ######  ########
     ##        ##  ##     ## ##       ##     ##  ##   ##  ##       ##
     ######    ##  ########  ######   ########  #########  ######  ######
     ##        ##  ##    ##  ##       ##     ## ##     ##       ## ##
     ##       #### ##     ## ######## ########  ##     ##  ######  ########

You're about to initialize a Firebase project in this directory:

  C:\Users\Marcos\Desktop\Facultad\Argentina Programa\Proyecto_Final\Proyecto_Integrador_ArientiMarcos\FrontEnd

Before we get started, keep in mind:

  * You are initializing within an existing Firebase project directory

[info] 
=== Project Setup
[info] 
[info] First, let's associate this project directory with a Firebase project.
[info] You can create multiple project aliases by running firebase use --add, 
[info] but for now we'll just set up a default project.
[info] 
[debug] [2023-05-15T14:16:28.989Z] Using project from CLI flag: frontend-df4d6
[debug] [2023-05-15T14:16:28.990Z] > refreshing access token with scopes: []
[debug] [2023-05-15T14:16:28.991Z] >>> [apiv2][query] POST https://www.googleapis.com/oauth2/v3/token [none]
[debug] [2023-05-15T14:16:28.991Z] >>> [apiv2][body] POST https://www.googleapis.com/oauth2/v3/token [omitted]
[debug] [2023-05-15T14:16:29.368Z] <<< [apiv2][status] POST https://www.googleapis.com/oauth2/v3/token 200
[debug] [2023-05-15T14:16:29.368Z] <<< [apiv2][body] POST https://www.googleapis.com/oauth2/v3/token [omitted]
[debug] [2023-05-15T14:16:29.421Z] >>> [apiv2][query] GET https://firebase.googleapis.com/v1beta1/projects/frontend-df4d6 [none]
[debug] [2023-05-15T14:16:29.798Z] <<< [apiv2][status] GET https://firebase.googleapis.com/v1beta1/projects/frontend-df4d6 200
[debug] [2023-05-15T14:16:29.798Z] <<< [apiv2][body] GET https://firebase.googleapis.com/v1beta1/projects/frontend-df4d6 {"projectId":"frontend-df4d6","projectNumber":"504425351723","displayName":"FrontEnd","name":"projects/frontend-df4d6","resources":{"hostingSite":"frontend-df4d6"},"state":"ACTIVE","etag":"1_051f509a-371d-4ef2-bf97-031290698ef6"}
[info] i  Using project frontend-df4d6 (FrontEnd) 
[info] 
=== Hosting:github Setup
[info] 
[info] i  Detected a .git folder at C:\Users\Marcos\Desktop\Facultad\Argentina Programa\Proyecto_Final\Proyecto_Integrador_ArientiMarcos\FrontEnd 
[info] i  Authorizing with GitHub to upload your service account to a GitHub repository's secrets store. 
[info] 
[info] Visit this URL on this device to log in:
[info] https://github.com/login/oauth/authorize?client_id=89cf50f02ac6aaed3484&state=616834235&redirect_uri=http%3A%2F%2Flocalhost%3A9005&scope=read%3Auser%20repo%20public_repo
[info] 
[info] Waiting for authentication...
